[2026-04-04 14:27:13] 使用工具: trend-analysis.sh | 動作: 檢查使用時間 | 結果: 最後運行: Apr 4 14:20
[2026-04-04 14:27:13] 使用工具: problem-predictor.sh | 動作: 檢查使用時間 | 結果: 最後運行: 
[2026-04-04 14:27:13] 使用工具: smart-optimizer.sh | 動作: 檢查使用時間 | 結果: 最後運行: Apr 4 14:22
[2026-04-04 14:27:13] 使用工具: report-generator.sh | 動作: 檢查使用時間 | 結果: 最後運行: Apr 4 14:21
[2026-04-04 14:27:13] 使用工具: system-health-check.sh | 動作: 檢查使用時間 | 結果: 最後運行: Apr 4 13:08
[2026-04-04 14:27:13] 使用工具: continuous-work-monitor.sh | 動作: 檢查使用時間 | 結果: 最後運行: Apr 4 13:09
[2026-04-04 14:27:13] 使用工具: validate-task-design.sh | 動作: 檢查使用次數 | 結果: 在文件中被引用: /home/pclaw/.openclaw/workspace/system/50min-work-report.md:0
/home/pclaw/.openclaw/workspace/system/continuous-work.md:0
/home/pclaw/.openclaw/workspace/system/correct-task-flow.md:0
/home/pclaw/.openclaw/workspace/system/cron-setup.md:0
/home/pclaw/.openclaw/workspace/system/current-promises.md:0
/home/pclaw/.openclaw/workspace/system/health-report-20260404-1306.md:0
/home/pclaw/.openclaw/workspace/system/health-report-20260404-1307.md:0
/home/pclaw/.openclaw/workspace/system/local-model-test-monitor.md:0
/home/pclaw/.openclaw/workspace/system/memory-bridge.md:0
/home/pclaw/.openclaw/workspace/system/milestone-template.md:0
/home/pclaw/.openclaw/workspace/system/official-task-guide.md:0
/home/pclaw/.openclaw/workspace/system/report-mechanism.md:0
/home/pclaw/.openclaw/workspace/system/task-design-checklist.md:0
/home/pclaw/.openclaw/workspace/system/task-design-guidelines.md:0
/home/pclaw/.openclaw/workspace/system/task-design-template.md:0
/home/pclaw/.openclaw/workspace/system/task-optimization.md:0
/home/pclaw/.openclaw/workspace/system/time-promises.md:0
/home/pclaw/.openclaw/workspace/system/work-validation.md:0
0 次
[2026-04-04 14:28:56] 使用工具: trend-analysis.sh | 動作: 檢查使用時間 | 結果: 最後運行: Apr 4 14:28
[2026-04-04 14:28:56] 使用工具: problem-predictor.sh | 動作: 檢查使用時間 | 結果: 最後運行: Apr 4 14:28
[2026-04-04 14:28:56] 使用工具: smart-optimizer.sh | 動作: 檢查使用時間 | 結果: 最後運行: Apr 4 14:22
[2026-04-04 14:28:56] 使用工具: report-generator.sh | 動作: 檢查使用時間 | 結果: 最後運行: Apr 4 14:21
[2026-04-04 14:28:56] 使用工具: system-health-check.sh | 動作: 檢查使用時間 | 結果: 最後運行: Apr 4 13:08
[2026-04-04 14:28:56] 使用工具: continuous-work-monitor.sh | 動作: 檢查使用時間 | 結果: 最後運行: Apr 4 13:09
[2026-04-04 14:28:56] 使用工具: validate-task-design.sh | 動作: 檢查使用次數 | 結果: 在文件中被引用: /home/pclaw/.openclaw/workspace/system/50min-work-report.md:0
/home/pclaw/.openclaw/workspace/system/continuous-work.md:0
/home/pclaw/.openclaw/workspace/system/correct-task-flow.md:0
/home/pclaw/.openclaw/workspace/system/cron-setup.md:0
/home/pclaw/.openclaw/workspace/system/current-promises.md:0
/home/pclaw/.openclaw/workspace/system/health-report-20260404-1306.md:0
/home/pclaw/.openclaw/workspace/system/health-report-20260404-1307.md:0
/home/pclaw/.openclaw/workspace/system/local-model-test-monitor.md:0
/home/pclaw/.openclaw/workspace/system/memory-bridge.md:0
/home/pclaw/.openclaw/workspace/system/milestone-template.md:0
/home/pclaw/.openclaw/workspace/system/official-task-guide.md:0
/home/pclaw/.openclaw/workspace/system/report-mechanism.md:0
/home/pclaw/.openclaw/workspace/system/task-design-checklist.md:0
/home/pclaw/.openclaw/workspace/system/task-design-guidelines.md:0
/home/pclaw/.openclaw/workspace/system/task-design-template.md:0
/home/pclaw/.openclaw/workspace/system/task-optimization.md:0
/home/pclaw/.openclaw/workspace/system/time-promises.md:0
/home/pclaw/.openclaw/workspace/system/work-validation.md:0
0 次
