[2026-04-04 16:30:00] 🚀 啟動自我修復運行保證系統...
[2026-04-04 16:30:00] 檢查免tag設定...
[2026-04-04 16:30:00] ✅ 免tag設定正常
[2026-04-04 16:30:00] 強制運行關鍵修復系統...
[2026-04-04 16:30:00] 運行自主工作系統...
[2026-04-04 16:30:00] ✅ 自主工作系統已啟動
[2026-04-04 16:30:00] 執行簡單清理...
[2026-04-04 16:30:00] ✅ 簡單清理完成
[2026-04-04 16:30:00] 設置保證Cron...
[2026-04-04 16:30:00] ✅ 保證Cron已設置
[2026-04-04 16:30:00] 生成可驗證報告...
[2026-04-04 16:30:00] ✅ 可驗證報告生成完成: /home/pclaw/.openclaw/workspace/system/healing-guarantee/report-20260404-1630.md
[2026-04-04 16:30:00] 🎯 自我修復運行保證完成！
[2026-04-04 16:30:00] 📝 保證日誌: /home/pclaw/.openclaw/workspace/system/healing-guarantee/run-20260404-1630.log
========================================
保證系統摘要:
1. 免tag設定: 已檢查修復
2. 關鍵系統: 已強制運行
3. 保證Cron: 每10分鐘執行
4. 驗證報告: 已生成
========================================
驗證命令:
  crontab -l | grep healing-guarantee
  ls -la /home/pclaw/.openclaw/workspace/system/healing-guarantee/*.log
========================================
[2026-04-04 16:40:01] 🚀 啟動自我修復運行保證系統...
[2026-04-04 16:40:01] 檢查免tag設定...
[2026-04-04 16:40:01] ✅ 免tag設定正常
[2026-04-04 16:40:01] 強制運行關鍵修復系統...
[2026-04-04 16:40:01] 運行自主工作系統...
[2026-04-04 16:40:01] ✅ 自主工作系統已啟動
[2026-04-04 16:40:01] 執行簡單清理...
[2026-04-04 16:40:01] ✅ 簡單清理完成
[2026-04-04 16:40:01] 設置保證Cron...
[2026-04-04 16:40:01] ✅ 保證Cron已設置
[2026-04-04 16:40:01] 生成可驗證報告...
[2026-04-04 16:40:01] ✅ 可驗證報告生成完成: /home/pclaw/.openclaw/workspace/system/healing-guarantee/report-20260404-1640.md
[2026-04-04 16:40:01] 🎯 自我修復運行保證完成！
[2026-04-04 16:40:01] 📝 保證日誌: /home/pclaw/.openclaw/workspace/system/healing-guarantee/run-20260404-1640.log
========================================
保證系統摘要:
1. 免tag設定: 已檢查修復
2. 關鍵系統: 已強制運行
3. 保證Cron: 每10分鐘執行
4. 驗證報告: 已生成
========================================
驗證命令:
  crontab -l | grep healing-guarantee
  ls -la /home/pclaw/.openclaw/workspace/system/healing-guarantee/*.log
========================================
[2026-04-04 16:50:01] 🚀 啟動自我修復運行保證系統...
[2026-04-04 16:50:01] 檢查免tag設定...
[2026-04-04 16:50:01] ❌ 免tag設定缺失，正在修復...
修復完成
[2026-04-04 16:50:01] ✅ 免tag設定已修復
[2026-04-04 16:50:01] 強制運行關鍵修復系統...
[2026-04-04 16:50:01] 運行自主工作系統...
[2026-04-04 16:50:01] ✅ 自主工作系統已啟動
[2026-04-04 16:50:01] 執行簡單清理...
[2026-04-04 16:50:01] ✅ 簡單清理完成
[2026-04-04 16:50:01] 設置保證Cron...
[2026-04-04 16:50:01] ✅ 保證Cron已設置
[2026-04-04 16:50:01] 生成可驗證報告...
[2026-04-04 16:50:01] ✅ 可驗證報告生成完成: /home/pclaw/.openclaw/workspace/system/healing-guarantee/report-20260404-1650.md
[2026-04-04 16:50:01] 🎯 自我修復運行保證完成！
[2026-04-04 16:50:01] 📝 保證日誌: /home/pclaw/.openclaw/workspace/system/healing-guarantee/run-20260404-1650.log
========================================
保證系統摘要:
1. 免tag設定: 已檢查修復
2. 關鍵系統: 已強制運行
3. 保證Cron: 每10分鐘執行
4. 驗證報告: 已生成
========================================
驗證命令:
  crontab -l | grep healing-guarantee
  ls -la /home/pclaw/.openclaw/workspace/system/healing-guarantee/*.log
========================================
[2026-04-04 17:00:00] 🚀 啟動自我修復運行保證系統...
[2026-04-04 17:00:00] 檢查免tag設定...
[2026-04-04 17:00:00] ❌ 免tag設定缺失，正在修復...
修復完成
[2026-04-04 17:00:00] ✅ 免tag設定已修復
[2026-04-04 17:00:00] 強制運行關鍵修復系統...
[2026-04-04 17:00:00] 運行自主工作系統...
[2026-04-04 17:00:00] ✅ 自主工作系統已啟動
[2026-04-04 17:00:00] 執行簡單清理...
[2026-04-04 17:00:00] ✅ 簡單清理完成
[2026-04-04 17:00:00] 設置保證Cron...
[2026-04-04 17:00:00] ✅ 保證Cron已設置
[2026-04-04 17:00:00] 生成可驗證報告...
[2026-04-04 17:00:00] ✅ 可驗證報告生成完成: /home/pclaw/.openclaw/workspace/system/healing-guarantee/report-20260404-1700.md
[2026-04-04 17:00:00] 🎯 自我修復運行保證完成！
[2026-04-04 17:00:00] 📝 保證日誌: /home/pclaw/.openclaw/workspace/system/healing-guarantee/run-20260404-1700.log
========================================
保證系統摘要:
1. 免tag設定: 已檢查修復
2. 關鍵系統: 已強制運行
3. 保證Cron: 每10分鐘執行
4. 驗證報告: 已生成
========================================
驗證命令:
  crontab -l | grep healing-guarantee
  ls -la /home/pclaw/.openclaw/workspace/system/healing-guarantee/*.log
========================================
[2026-04-04 17:10:01] 🚀 啟動自我修復運行保證系統...
[2026-04-04 17:10:01] 檢查免tag設定...
[2026-04-04 17:10:01] ✅ 免tag設定正常
[2026-04-04 17:10:01] 強制運行關鍵修復系統...
[2026-04-04 17:10:01] 運行自主工作系統...
[2026-04-04 17:10:01] ✅ 自主工作系統已啟動
[2026-04-04 17:10:01] 執行簡單清理...
[2026-04-04 17:10:01] ✅ 簡單清理完成
[2026-04-04 17:10:01] 設置保證Cron...
[2026-04-04 17:10:01] ✅ 保證Cron已設置
[2026-04-04 17:10:01] 生成可驗證報告...
[2026-04-04 17:10:01] ✅ 可驗證報告生成完成: /home/pclaw/.openclaw/workspace/system/healing-guarantee/report-20260404-1710.md
[2026-04-04 17:10:01] 🎯 自我修復運行保證完成！
[2026-04-04 17:10:01] 📝 保證日誌: /home/pclaw/.openclaw/workspace/system/healing-guarantee/run-20260404-1710.log
========================================
保證系統摘要:
1. 免tag設定: 已檢查修復
2. 關鍵系統: 已強制運行
3. 保證Cron: 每10分鐘執行
4. 驗證報告: 已生成
========================================
驗證命令:
  crontab -l | grep healing-guarantee
  ls -la /home/pclaw/.openclaw/workspace/system/healing-guarantee/*.log
========================================
[2026-04-04 17:20:01] 🚀 啟動自我修復運行保證系統...
[2026-04-04 17:20:01] 檢查免tag設定...
[2026-04-04 17:20:01] ✅ 免tag設定正常
[2026-04-04 17:20:01] 強制運行關鍵修復系統...
[2026-04-04 17:20:01] 運行自主工作系統...
[2026-04-04 17:20:01] ✅ 自主工作系統已啟動
[2026-04-04 17:20:01] 執行簡單清理...
[2026-04-04 17:20:01] ✅ 簡單清理完成
[2026-04-04 17:20:01] 設置保證Cron...
[2026-04-04 17:20:02] ✅ 保證Cron已設置
[2026-04-04 17:20:02] 生成可驗證報告...
[2026-04-04 17:20:02] ✅ 可驗證報告生成完成: /home/pclaw/.openclaw/workspace/system/healing-guarantee/report-20260404-1720.md
[2026-04-04 17:20:02] 🎯 自我修復運行保證完成！
[2026-04-04 17:20:02] 📝 保證日誌: /home/pclaw/.openclaw/workspace/system/healing-guarantee/run-20260404-1720.log
========================================
保證系統摘要:
1. 免tag設定: 已檢查修復
2. 關鍵系統: 已強制運行
3. 保證Cron: 每10分鐘執行
4. 驗證報告: 已生成
========================================
驗證命令:
  crontab -l | grep healing-guarantee
  ls -la /home/pclaw/.openclaw/workspace/system/healing-guarantee/*.log
========================================
[2026-04-04 17:30:00] 🚀 啟動自我修復運行保證系統...
[2026-04-04 17:30:00] 檢查免tag設定...
[2026-04-04 17:30:00] ✅ 免tag設定正常
[2026-04-04 17:30:00] 強制運行關鍵修復系統...
[2026-04-04 17:30:00] 運行自主工作系統...
[2026-04-04 17:30:00] ✅ 自主工作系統已啟動
[2026-04-04 17:30:00] 執行簡單清理...
[2026-04-04 17:30:00] ✅ 簡單清理完成
[2026-04-04 17:30:00] 設置保證Cron...
[2026-04-04 17:30:00] ✅ 保證Cron已設置
[2026-04-04 17:30:00] 生成可驗證報告...
[2026-04-04 17:30:00] ✅ 可驗證報告生成完成: /home/pclaw/.openclaw/workspace/system/healing-guarantee/report-20260404-1730.md
[2026-04-04 17:30:00] 🎯 自我修復運行保證完成！
[2026-04-04 17:30:00] 📝 保證日誌: /home/pclaw/.openclaw/workspace/system/healing-guarantee/run-20260404-1730.log
========================================
保證系統摘要:
1. 免tag設定: 已檢查修復
2. 關鍵系統: 已強制運行
3. 保證Cron: 每10分鐘執行
4. 驗證報告: 已生成
========================================
驗證命令:
  crontab -l | grep healing-guarantee
  ls -la /home/pclaw/.openclaw/workspace/system/healing-guarantee/*.log
========================================
[2026-04-04 17:40:01] 🚀 啟動自我修復運行保證系統...
[2026-04-04 17:40:01] 檢查免tag設定...
[2026-04-04 17:40:01] ✅ 免tag設定正常
[2026-04-04 17:40:01] 強制運行關鍵修復系統...
[2026-04-04 17:40:01] 運行自主工作系統...
[2026-04-04 17:40:01] ✅ 自主工作系統已啟動
[2026-04-04 17:40:01] 執行簡單清理...
[2026-04-04 17:40:01] ✅ 簡單清理完成
[2026-04-04 17:40:01] 設置保證Cron...
[2026-04-04 17:40:01] ✅ 保證Cron已設置
[2026-04-04 17:40:01] 生成可驗證報告...
[2026-04-04 17:40:01] ✅ 可驗證報告生成完成: /home/pclaw/.openclaw/workspace/system/healing-guarantee/report-20260404-1740.md
[2026-04-04 17:40:01] 🎯 自我修復運行保證完成！
[2026-04-04 17:40:01] 📝 保證日誌: /home/pclaw/.openclaw/workspace/system/healing-guarantee/run-20260404-1740.log
========================================
保證系統摘要:
1. 免tag設定: 已檢查修復
2. 關鍵系統: 已強制運行
3. 保證Cron: 每10分鐘執行
4. 驗證報告: 已生成
========================================
驗證命令:
  crontab -l | grep healing-guarantee
  ls -la /home/pclaw/.openclaw/workspace/system/healing-guarantee/*.log
========================================
[2026-04-04 17:50:01] 🚀 啟動自我修復運行保證系統...
[2026-04-04 17:50:01] 檢查免tag設定...
[2026-04-04 17:50:01] ✅ 免tag設定正常
[2026-04-04 17:50:01] 強制運行關鍵修復系統...
[2026-04-04 17:50:01] 運行自主工作系統...
[2026-04-04 17:50:01] ✅ 自主工作系統已啟動
[2026-04-04 17:50:01] 執行簡單清理...
[2026-04-04 17:50:01] ✅ 簡單清理完成
[2026-04-04 17:50:01] 設置保證Cron...
[2026-04-04 17:50:01] ✅ 保證Cron已設置
[2026-04-04 17:50:01] 生成可驗證報告...
[2026-04-04 17:50:01] ✅ 可驗證報告生成完成: /home/pclaw/.openclaw/workspace/system/healing-guarantee/report-20260404-1750.md
[2026-04-04 17:50:01] 🎯 自我修復運行保證完成！
[2026-04-04 17:50:01] 📝 保證日誌: /home/pclaw/.openclaw/workspace/system/healing-guarantee/run-20260404-1750.log
========================================
保證系統摘要:
1. 免tag設定: 已檢查修復
2. 關鍵系統: 已強制運行
3. 保證Cron: 每10分鐘執行
4. 驗證報告: 已生成
========================================
驗證命令:
  crontab -l | grep healing-guarantee
  ls -la /home/pclaw/.openclaw/workspace/system/healing-guarantee/*.log
========================================
[2026-04-04 18:00:01] 🚀 啟動自我修復運行保證系統...
[2026-04-04 18:00:01] 檢查免tag設定...
[2026-04-04 18:00:01] ❌ 免tag設定缺失，正在修復...
修復完成
[2026-04-04 18:00:01] ✅ 免tag設定已修復
[2026-04-04 18:00:01] 強制運行關鍵修復系統...
[2026-04-04 18:00:01] 運行自主工作系統...
[2026-04-04 18:00:01] ✅ 自主工作系統已啟動
[2026-04-04 18:00:01] 執行簡單清理...
[2026-04-04 18:00:01] ✅ 簡單清理完成
[2026-04-04 18:00:01] 設置保證Cron...
[2026-04-04 18:00:01] ✅ 保證Cron已設置
[2026-04-04 18:00:01] 生成可驗證報告...
[2026-04-04 18:00:01] ✅ 可驗證報告生成完成: /home/pclaw/.openclaw/workspace/system/healing-guarantee/report-20260404-1800.md
[2026-04-04 18:00:01] 🎯 自我修復運行保證完成！
[2026-04-04 18:00:01] 📝 保證日誌: /home/pclaw/.openclaw/workspace/system/healing-guarantee/run-20260404-1800.log
========================================
保證系統摘要:
1. 免tag設定: 已檢查修復
2. 關鍵系統: 已強制運行
3. 保證Cron: 每10分鐘執行
4. 驗證報告: 已生成
========================================
驗證命令:
  crontab -l | grep healing-guarantee
  ls -la /home/pclaw/.openclaw/workspace/system/healing-guarantee/*.log
========================================
[2026-04-04 18:10:00] 🚀 啟動自我修復運行保證系統...
[2026-04-04 18:10:00] 檢查免tag設定...
[2026-04-04 18:10:00] ✅ 免tag設定正常
[2026-04-04 18:10:00] 強制運行關鍵修復系統...
[2026-04-04 18:10:00] 運行自主工作系統...
[2026-04-04 18:10:00] ✅ 自主工作系統已啟動
[2026-04-04 18:10:00] 執行簡單清理...
[2026-04-04 18:10:00] ✅ 簡單清理完成
[2026-04-04 18:10:00] 設置保證Cron...
[2026-04-04 18:10:00] ✅ 保證Cron已設置
[2026-04-04 18:10:00] 生成可驗證報告...
[2026-04-04 18:10:00] ✅ 可驗證報告生成完成: /home/pclaw/.openclaw/workspace/system/healing-guarantee/report-20260404-1810.md
[2026-04-04 18:10:00] 🎯 自我修復運行保證完成！
[2026-04-04 18:10:00] 📝 保證日誌: /home/pclaw/.openclaw/workspace/system/healing-guarantee/run-20260404-1810.log
========================================
保證系統摘要:
1. 免tag設定: 已檢查修復
2. 關鍵系統: 已強制運行
3. 保證Cron: 每10分鐘執行
4. 驗證報告: 已生成
========================================
驗證命令:
  crontab -l | grep healing-guarantee
  ls -la /home/pclaw/.openclaw/workspace/system/healing-guarantee/*.log
========================================
[2026-04-04 18:20:01] 🚀 啟動自我修復運行保證系統...
[2026-04-04 18:20:01] 檢查免tag設定...
[2026-04-04 18:20:01] ✅ 免tag設定正常
[2026-04-04 18:20:01] 強制運行關鍵修復系統...
[2026-04-04 18:20:01] 運行自主工作系統...
[2026-04-04 18:20:01] ✅ 自主工作系統已啟動
[2026-04-04 18:20:01] 執行簡單清理...
[2026-04-04 18:20:01] ✅ 簡單清理完成
[2026-04-04 18:20:01] 設置保證Cron...
[2026-04-04 18:20:01] ✅ 保證Cron已設置
[2026-04-04 18:20:01] 生成可驗證報告...
[2026-04-04 18:20:01] ✅ 可驗證報告生成完成: /home/pclaw/.openclaw/workspace/system/healing-guarantee/report-20260404-1820.md
[2026-04-04 18:20:01] 🎯 自我修復運行保證完成！
[2026-04-04 18:20:01] 📝 保證日誌: /home/pclaw/.openclaw/workspace/system/healing-guarantee/run-20260404-1820.log
========================================
保證系統摘要:
1. 免tag設定: 已檢查修復
2. 關鍵系統: 已強制運行
3. 保證Cron: 每10分鐘執行
4. 驗證報告: 已生成
========================================
驗證命令:
  crontab -l | grep healing-guarantee
  ls -la /home/pclaw/.openclaw/workspace/system/healing-guarantee/*.log
========================================
[2026-04-04 18:30:00] 🚀 啟動自我修復運行保證系統...
[2026-04-04 18:30:00] 檢查免tag設定...
[2026-04-04 18:30:00] ✅ 免tag設定正常
[2026-04-04 18:30:00] 強制運行關鍵修復系統...
[2026-04-04 18:30:00] 運行自主工作系統...
[2026-04-04 18:30:00] ✅ 自主工作系統已啟動
[2026-04-04 18:30:00] 執行簡單清理...
[2026-04-04 18:30:00] ✅ 簡單清理完成
[2026-04-04 18:30:00] 設置保證Cron...
[2026-04-04 18:30:00] ✅ 保證Cron已設置
[2026-04-04 18:30:00] 生成可驗證報告...
[2026-04-04 18:30:00] ✅ 可驗證報告生成完成: /home/pclaw/.openclaw/workspace/system/healing-guarantee/report-20260404-1830.md
[2026-04-04 18:30:00] 🎯 自我修復運行保證完成！
[2026-04-04 18:30:00] 📝 保證日誌: /home/pclaw/.openclaw/workspace/system/healing-guarantee/run-20260404-1830.log
========================================
保證系統摘要:
1. 免tag設定: 已檢查修復
2. 關鍵系統: 已強制運行
3. 保證Cron: 每10分鐘執行
4. 驗證報告: 已生成
========================================
驗證命令:
  crontab -l | grep healing-guarantee
  ls -la /home/pclaw/.openclaw/workspace/system/healing-guarantee/*.log
========================================
[2026-04-04 18:40:01] 🚀 啟動自我修復運行保證系統...
[2026-04-04 18:40:01] 檢查免tag設定...
[2026-04-04 18:40:01] ✅ 免tag設定正常
[2026-04-04 18:40:02] 強制運行關鍵修復系統...
[2026-04-04 18:40:02] 運行自主工作系統...
[2026-04-04 18:40:02] ✅ 自主工作系統已啟動
[2026-04-04 18:40:02] 執行簡單清理...
[2026-04-04 18:40:02] ✅ 簡單清理完成
[2026-04-04 18:40:02] 設置保證Cron...
[2026-04-04 18:40:02] ✅ 保證Cron已設置
[2026-04-04 18:40:02] 生成可驗證報告...
[2026-04-04 18:40:02] ✅ 可驗證報告生成完成: /home/pclaw/.openclaw/workspace/system/healing-guarantee/report-20260404-1840.md
[2026-04-04 18:40:02] 🎯 自我修復運行保證完成！
[2026-04-04 18:40:02] 📝 保證日誌: /home/pclaw/.openclaw/workspace/system/healing-guarantee/run-20260404-1840.log
========================================
保證系統摘要:
1. 免tag設定: 已檢查修復
2. 關鍵系統: 已強制運行
3. 保證Cron: 每10分鐘執行
4. 驗證報告: 已生成
========================================
驗證命令:
  crontab -l | grep healing-guarantee
  ls -la /home/pclaw/.openclaw/workspace/system/healing-guarantee/*.log
========================================
[2026-04-04 18:50:01] 🚀 啟動自我修復運行保證系統...
[2026-04-04 18:50:01] 檢查免tag設定...
[2026-04-04 18:50:01] ✅ 免tag設定正常
[2026-04-04 18:50:01] 強制運行關鍵修復系統...
[2026-04-04 18:50:01] 運行自主工作系統...
[2026-04-04 18:50:01] ✅ 自主工作系統已啟動
[2026-04-04 18:50:01] 執行簡單清理...
[2026-04-04 18:50:01] ✅ 簡單清理完成
[2026-04-04 18:50:01] 設置保證Cron...
[2026-04-04 18:50:01] ✅ 保證Cron已設置
[2026-04-04 18:50:01] 生成可驗證報告...
[2026-04-04 18:50:01] ✅ 可驗證報告生成完成: /home/pclaw/.openclaw/workspace/system/healing-guarantee/report-20260404-1850.md
[2026-04-04 18:50:01] 🎯 自我修復運行保證完成！
[2026-04-04 18:50:01] 📝 保證日誌: /home/pclaw/.openclaw/workspace/system/healing-guarantee/run-20260404-1850.log
========================================
保證系統摘要:
1. 免tag設定: 已檢查修復
2. 關鍵系統: 已強制運行
3. 保證Cron: 每10分鐘執行
4. 驗證報告: 已生成
========================================
驗證命令:
  crontab -l | grep healing-guarantee
  ls -la /home/pclaw/.openclaw/workspace/system/healing-guarantee/*.log
========================================
[2026-04-04 19:00:00] 🚀 啟動自我修復運行保證系統...
[2026-04-04 19:00:00] 檢查免tag設定...
[2026-04-04 19:00:00] ✅ 免tag設定正常
[2026-04-04 19:00:00] 強制運行關鍵修復系統...
[2026-04-04 19:00:00] 運行自主工作系統...
[2026-04-04 19:00:00] ✅ 自主工作系統已啟動
[2026-04-04 19:00:00] 執行簡單清理...
[2026-04-04 19:00:00] ✅ 簡單清理完成
[2026-04-04 19:00:00] 設置保證Cron...
[2026-04-04 19:00:00] ✅ 保證Cron已設置
[2026-04-04 19:00:00] 生成可驗證報告...
[2026-04-04 19:00:00] ✅ 可驗證報告生成完成: /home/pclaw/.openclaw/workspace/system/healing-guarantee/report-20260404-1900.md
[2026-04-04 19:00:00] 🎯 自我修復運行保證完成！
[2026-04-04 19:00:00] 📝 保證日誌: /home/pclaw/.openclaw/workspace/system/healing-guarantee/run-20260404-1900.log
========================================
保證系統摘要:
1. 免tag設定: 已檢查修復
2. 關鍵系統: 已強制運行
3. 保證Cron: 每10分鐘執行
4. 驗證報告: 已生成
========================================
驗證命令:
  crontab -l | grep healing-guarantee
  ls -la /home/pclaw/.openclaw/workspace/system/healing-guarantee/*.log
========================================
[2026-04-04 19:00:01] 🚀 啟動自我修復運行保證系統...
[2026-04-04 19:00:01] 檢查免tag設定...
[2026-04-04 19:00:01] ✅ 免tag設定正常
[2026-04-04 19:00:01] 強制運行關鍵修復系統...
[2026-04-04 19:00:01] 運行自主工作系統...
[2026-04-04 19:00:01] ✅ 自主工作系統已啟動
[2026-04-04 19:00:01] 執行簡單清理...
[2026-04-04 19:00:01] ✅ 簡單清理完成
[2026-04-04 19:00:01] 設置保證Cron...
[2026-04-04 19:00:01] ✅ 保證Cron已設置
[2026-04-04 19:00:01] 生成可驗證報告...
[2026-04-04 19:00:01] ✅ 可驗證報告生成完成: /home/pclaw/.openclaw/workspace/system/healing-guarantee/report-20260404-1900.md
[2026-04-04 19:00:01] 🎯 自我修復運行保證完成！
[2026-04-04 19:00:01] 📝 保證日誌: /home/pclaw/.openclaw/workspace/system/healing-guarantee/run-20260404-1900.log
========================================
保證系統摘要:
1. 免tag設定: 已檢查修復
2. 關鍵系統: 已強制運行
3. 保證Cron: 每10分鐘執行
4. 驗證報告: 已生成
========================================
驗證命令:
  crontab -l | grep healing-guarantee
  ls -la /home/pclaw/.openclaw/workspace/system/healing-guarantee/*.log
========================================
[2026-04-04 19:10:01] 🚀 啟動自我修復運行保證系統...
[2026-04-04 19:10:01] 檢查免tag設定...
[2026-04-04 19:10:01] ✅ 免tag設定正常
[2026-04-04 19:10:01] 強制運行關鍵修復系統...
[2026-04-04 19:10:01] 運行自主工作系統...
[2026-04-04 19:10:01] ✅ 自主工作系統已啟動
[2026-04-04 19:10:01] 執行簡單清理...
[2026-04-04 19:10:01] ✅ 簡單清理完成
[2026-04-04 19:10:01] 設置保證Cron...
[2026-04-04 19:10:01] ✅ 保證Cron已設置
[2026-04-04 19:10:01] 生成可驗證報告...
[2026-04-04 19:10:01] ✅ 可驗證報告生成完成: /home/pclaw/.openclaw/workspace/system/healing-guarantee/report-20260404-1910.md
[2026-04-04 19:10:01] 🎯 自我修復運行保證完成！
[2026-04-04 19:10:01] 📝 保證日誌: /home/pclaw/.openclaw/workspace/system/healing-guarantee/run-20260404-1910.log
========================================
保證系統摘要:
1. 免tag設定: 已檢查修復
2. 關鍵系統: 已強制運行
3. 保證Cron: 每10分鐘執行
4. 驗證報告: 已生成
========================================
驗證命令:
  crontab -l | grep healing-guarantee
  ls -la /home/pclaw/.openclaw/workspace/system/healing-guarantee/*.log
========================================
[2026-04-04 19:20:01] 🚀 啟動自我修復運行保證系統...
[2026-04-04 19:20:01] 檢查免tag設定...
[2026-04-04 19:20:01] ❌ 免tag設定缺失，正在修復...
修復完成
[2026-04-04 19:20:01] ✅ 免tag設定已修復
[2026-04-04 19:20:01] 強制運行關鍵修復系統...
[2026-04-04 19:20:01] 運行自主工作系統...
[2026-04-04 19:20:01] ✅ 自主工作系統已啟動
[2026-04-04 19:20:01] 執行簡單清理...
[2026-04-04 19:20:01] ✅ 簡單清理完成
[2026-04-04 19:20:01] 設置保證Cron...
[2026-04-04 19:20:01] ✅ 保證Cron已設置
[2026-04-04 19:20:01] 生成可驗證報告...
[2026-04-04 19:20:01] ✅ 可驗證報告生成完成: /home/pclaw/.openclaw/workspace/system/healing-guarantee/report-20260404-1920.md
[2026-04-04 19:20:01] 🎯 自我修復運行保證完成！
[2026-04-04 19:20:01] 📝 保證日誌: /home/pclaw/.openclaw/workspace/system/healing-guarantee/run-20260404-1920.log
========================================
保證系統摘要:
1. 免tag設定: 已檢查修復
2. 關鍵系統: 已強制運行
3. 保證Cron: 每10分鐘執行
4. 驗證報告: 已生成
========================================
驗證命令:
  crontab -l | grep healing-guarantee
  ls -la /home/pclaw/.openclaw/workspace/system/healing-guarantee/*.log
========================================
[2026-04-04 19:30:00] 🚀 啟動自我修復運行保證系統...
[2026-04-04 19:30:00] 檢查免tag設定...
[2026-04-04 19:30:00] ✅ 免tag設定正常
[2026-04-04 19:30:00] 強制運行關鍵修復系統...
[2026-04-04 19:30:00] 運行自主工作系統...
[2026-04-04 19:30:00] ✅ 自主工作系統已啟動
[2026-04-04 19:30:00] 執行簡單清理...
[2026-04-04 19:30:00] ✅ 簡單清理完成
[2026-04-04 19:30:00] 設置保證Cron...
[2026-04-04 19:30:00] ✅ 保證Cron已設置
[2026-04-04 19:30:00] 生成可驗證報告...
[2026-04-04 19:30:00] ✅ 可驗證報告生成完成: /home/pclaw/.openclaw/workspace/system/healing-guarantee/report-20260404-1930.md
[2026-04-04 19:30:00] 🎯 自我修復運行保證完成！
[2026-04-04 19:30:00] 📝 保證日誌: /home/pclaw/.openclaw/workspace/system/healing-guarantee/run-20260404-1930.log
========================================
保證系統摘要:
1. 免tag設定: 已檢查修復
2. 關鍵系統: 已強制運行
3. 保證Cron: 每10分鐘執行
4. 驗證報告: 已生成
========================================
驗證命令:
  crontab -l | grep healing-guarantee
  ls -la /home/pclaw/.openclaw/workspace/system/healing-guarantee/*.log
========================================
[2026-04-04 19:40:01] 🚀 啟動自我修復運行保證系統...
[2026-04-04 19:40:01] 檢查免tag設定...
[2026-04-04 19:40:01] ✅ 免tag設定正常
[2026-04-04 19:40:01] 強制運行關鍵修復系統...
[2026-04-04 19:40:01] 運行自主工作系統...
[2026-04-04 19:40:01] ✅ 自主工作系統已啟動
[2026-04-04 19:40:01] 執行簡單清理...
[2026-04-04 19:40:01] ✅ 簡單清理完成
[2026-04-04 19:40:01] 設置保證Cron...
[2026-04-04 19:40:01] ✅ 保證Cron已設置
[2026-04-04 19:40:01] 生成可驗證報告...
[2026-04-04 19:40:01] ✅ 可驗證報告生成完成: /home/pclaw/.openclaw/workspace/system/healing-guarantee/report-20260404-1940.md
[2026-04-04 19:40:01] 🎯 自我修復運行保證完成！
[2026-04-04 19:40:01] 📝 保證日誌: /home/pclaw/.openclaw/workspace/system/healing-guarantee/run-20260404-1940.log
========================================
保證系統摘要:
1. 免tag設定: 已檢查修復
2. 關鍵系統: 已強制運行
3. 保證Cron: 每10分鐘執行
4. 驗證報告: 已生成
========================================
驗證命令:
  crontab -l | grep healing-guarantee
  ls -la /home/pclaw/.openclaw/workspace/system/healing-guarantee/*.log
========================================
[2026-04-04 19:50:01] 🚀 啟動自我修復運行保證系統...
[2026-04-04 19:50:01] 檢查免tag設定...
[2026-04-04 19:50:01] ✅ 免tag設定正常
[2026-04-04 19:50:01] 強制運行關鍵修復系統...
[2026-04-04 19:50:01] 運行自主工作系統...
[2026-04-04 19:50:01] ✅ 自主工作系統已啟動
[2026-04-04 19:50:01] 執行簡單清理...
[2026-04-04 19:50:01] ✅ 簡單清理完成
[2026-04-04 19:50:01] 設置保證Cron...
[2026-04-04 19:50:01] ✅ 保證Cron已設置
[2026-04-04 19:50:01] 生成可驗證報告...
[2026-04-04 19:50:01] ✅ 可驗證報告生成完成: /home/pclaw/.openclaw/workspace/system/healing-guarantee/report-20260404-1950.md
[2026-04-04 19:50:01] 🎯 自我修復運行保證完成！
[2026-04-04 19:50:01] 📝 保證日誌: /home/pclaw/.openclaw/workspace/system/healing-guarantee/run-20260404-1950.log
========================================
保證系統摘要:
1. 免tag設定: 已檢查修復
2. 關鍵系統: 已強制運行
3. 保證Cron: 每10分鐘執行
4. 驗證報告: 已生成
========================================
驗證命令:
  crontab -l | grep healing-guarantee
  ls -la /home/pclaw/.openclaw/workspace/system/healing-guarantee/*.log
========================================
[2026-04-04 20:00:01] 🚀 啟動自我修復運行保證系統...
[2026-04-04 20:00:01] 檢查免tag設定...
[2026-04-04 20:00:01] ✅ 免tag設定正常
[2026-04-04 20:00:01] 強制運行關鍵修復系統...
[2026-04-04 20:00:01] 運行自主工作系統...
[2026-04-04 20:00:01] ✅ 自主工作系統已啟動
[2026-04-04 20:00:01] 執行簡單清理...
[2026-04-04 20:00:01] ✅ 簡單清理完成
[2026-04-04 20:00:01] 設置保證Cron...
[2026-04-04 20:00:01] ✅ 保證Cron已設置
[2026-04-04 20:00:01] 生成可驗證報告...
[2026-04-04 20:00:01] ✅ 可驗證報告生成完成: /home/pclaw/.openclaw/workspace/system/healing-guarantee/report-20260404-2000.md
[2026-04-04 20:00:01] 🎯 自我修復運行保證完成！
[2026-04-04 20:00:01] 📝 保證日誌: /home/pclaw/.openclaw/workspace/system/healing-guarantee/run-20260404-2000.log
========================================
保證系統摘要:
1. 免tag設定: 已檢查修復
2. 關鍵系統: 已強制運行
3. 保證Cron: 每10分鐘執行
4. 驗證報告: 已生成
========================================
驗證命令:
  crontab -l | grep healing-guarantee
  ls -la /home/pclaw/.openclaw/workspace/system/healing-guarantee/*.log
========================================
[2026-04-04 20:10:00] 🚀 啟動自我修復運行保證系統...
[2026-04-04 20:10:00] 檢查免tag設定...
[2026-04-04 20:10:00] ✅ 免tag設定正常
[2026-04-04 20:10:00] 強制運行關鍵修復系統...
[2026-04-04 20:10:00] 運行自主工作系統...
[2026-04-04 20:10:00] ✅ 自主工作系統已啟動
[2026-04-04 20:10:00] 執行簡單清理...
[2026-04-04 20:10:00] ✅ 簡單清理完成
[2026-04-04 20:10:00] 設置保證Cron...
[2026-04-04 20:10:00] ✅ 保證Cron已設置
[2026-04-04 20:10:00] 生成可驗證報告...
[2026-04-04 20:10:00] ✅ 可驗證報告生成完成: /home/pclaw/.openclaw/workspace/system/healing-guarantee/report-20260404-2010.md
[2026-04-04 20:10:00] 🎯 自我修復運行保證完成！
[2026-04-04 20:10:00] 📝 保證日誌: /home/pclaw/.openclaw/workspace/system/healing-guarantee/run-20260404-2010.log
========================================
保證系統摘要:
1. 免tag設定: 已檢查修復
2. 關鍵系統: 已強制運行
3. 保證Cron: 每10分鐘執行
4. 驗證報告: 已生成
========================================
驗證命令:
  crontab -l | grep healing-guarantee
  ls -la /home/pclaw/.openclaw/workspace/system/healing-guarantee/*.log
========================================
[2026-04-04 20:20:00] 🚀 啟動自我修復運行保證系統...
[2026-04-04 20:20:00] 檢查免tag設定...
[2026-04-04 20:20:00] ❌ 免tag設定缺失，正在修復...
修復完成
[2026-04-04 20:20:00] ✅ 免tag設定已修復
[2026-04-04 20:20:00] 強制運行關鍵修復系統...
[2026-04-04 20:20:00] 運行自主工作系統...
[2026-04-04 20:20:00] ✅ 自主工作系統已啟動
[2026-04-04 20:20:00] 執行簡單清理...
[2026-04-04 20:20:00] ✅ 簡單清理完成
[2026-04-04 20:20:00] 設置保證Cron...
[2026-04-04 20:20:00] ✅ 保證Cron已設置
[2026-04-04 20:20:00] 生成可驗證報告...
[2026-04-04 20:20:00] ✅ 可驗證報告生成完成: /home/pclaw/.openclaw/workspace/system/healing-guarantee/report-20260404-2020.md
[2026-04-04 20:20:00] 🎯 自我修復運行保證完成！
[2026-04-04 20:20:00] 📝 保證日誌: /home/pclaw/.openclaw/workspace/system/healing-guarantee/run-20260404-2020.log
========================================
保證系統摘要:
1. 免tag設定: 已檢查修復
2. 關鍵系統: 已強制運行
3. 保證Cron: 每10分鐘執行
4. 驗證報告: 已生成
========================================
驗證命令:
  crontab -l | grep healing-guarantee
  ls -la /home/pclaw/.openclaw/workspace/system/healing-guarantee/*.log
========================================
[2026-04-04 20:30:01] 🚀 啟動自我修復運行保證系統...
[2026-04-04 20:30:01] 檢查免tag設定...
[2026-04-04 20:30:01] ✅ 免tag設定正常
[2026-04-04 20:30:01] 強制運行關鍵修復系統...
[2026-04-04 20:30:01] 運行自主工作系統...
[2026-04-04 20:30:01] ✅ 自主工作系統已啟動
[2026-04-04 20:30:01] 執行簡單清理...
[2026-04-04 20:30:01] ✅ 簡單清理完成
[2026-04-04 20:30:01] 設置保證Cron...
[2026-04-04 20:30:01] ✅ 保證Cron已設置
[2026-04-04 20:30:01] 生成可驗證報告...
[2026-04-04 20:30:01] ✅ 可驗證報告生成完成: /home/pclaw/.openclaw/workspace/system/healing-guarantee/report-20260404-2030.md
[2026-04-04 20:30:01] 🎯 自我修復運行保證完成！
[2026-04-04 20:30:01] 📝 保證日誌: /home/pclaw/.openclaw/workspace/system/healing-guarantee/run-20260404-2030.log
========================================
保證系統摘要:
1. 免tag設定: 已檢查修復
2. 關鍵系統: 已強制運行
3. 保證Cron: 每10分鐘執行
4. 驗證報告: 已生成
========================================
驗證命令:
  crontab -l | grep healing-guarantee
  ls -la /home/pclaw/.openclaw/workspace/system/healing-guarantee/*.log
========================================
[2026-04-04 20:40:00] 🚀 啟動自我修復運行保證系統...
[2026-04-04 20:40:00] 檢查免tag設定...
[2026-04-04 20:40:00] ✅ 免tag設定正常
[2026-04-04 20:40:00] 強制運行關鍵修復系統...
[2026-04-04 20:40:00] 運行自主工作系統...
[2026-04-04 20:40:00] ✅ 自主工作系統已啟動
[2026-04-04 20:40:00] 執行簡單清理...
[2026-04-04 20:40:00] ✅ 簡單清理完成
[2026-04-04 20:40:00] 設置保證Cron...
[2026-04-04 20:40:00] ✅ 保證Cron已設置
[2026-04-04 20:40:00] 生成可驗證報告...
[2026-04-04 20:40:00] ✅ 可驗證報告生成完成: /home/pclaw/.openclaw/workspace/system/healing-guarantee/report-20260404-2040.md
[2026-04-04 20:40:00] 🎯 自我修復運行保證完成！
[2026-04-04 20:40:00] 📝 保證日誌: /home/pclaw/.openclaw/workspace/system/healing-guarantee/run-20260404-2040.log
========================================
保證系統摘要:
1. 免tag設定: 已檢查修復
2. 關鍵系統: 已強制運行
3. 保證Cron: 每10分鐘執行
4. 驗證報告: 已生成
========================================
驗證命令:
  crontab -l | grep healing-guarantee
  ls -la /home/pclaw/.openclaw/workspace/system/healing-guarantee/*.log
========================================
[2026-04-04 20:50:01] 🚀 啟動自我修復運行保證系統...
[2026-04-04 20:50:01] 檢查免tag設定...
[2026-04-04 20:50:01] ✅ 免tag設定正常
[2026-04-04 20:50:01] 強制運行關鍵修復系統...
[2026-04-04 20:50:01] 運行自主工作系統...
[2026-04-04 20:50:01] ✅ 自主工作系統已啟動
[2026-04-04 20:50:01] 執行簡單清理...
[2026-04-04 20:50:01] ✅ 簡單清理完成
[2026-04-04 20:50:01] 設置保證Cron...
[2026-04-04 20:50:01] ✅ 保證Cron已設置
[2026-04-04 20:50:01] 生成可驗證報告...
[2026-04-04 20:50:01] ✅ 可驗證報告生成完成: /home/pclaw/.openclaw/workspace/system/healing-guarantee/report-20260404-2050.md
[2026-04-04 20:50:01] 🎯 自我修復運行保證完成！
[2026-04-04 20:50:01] 📝 保證日誌: /home/pclaw/.openclaw/workspace/system/healing-guarantee/run-20260404-2050.log
========================================
保證系統摘要:
1. 免tag設定: 已檢查修復
2. 關鍵系統: 已強制運行
3. 保證Cron: 每10分鐘執行
4. 驗證報告: 已生成
========================================
驗證命令:
  crontab -l | grep healing-guarantee
  ls -la /home/pclaw/.openclaw/workspace/system/healing-guarantee/*.log
========================================
[2026-04-04 21:00:00] 🚀 啟動自我修復運行保證系統...
[2026-04-04 21:00:00] 檢查免tag設定...
[2026-04-04 21:00:00] ✅ 免tag設定正常
[2026-04-04 21:00:00] 強制運行關鍵修復系統...
[2026-04-04 21:00:00] 運行自主工作系統...
[2026-04-04 21:00:00] ✅ 自主工作系統已啟動
[2026-04-04 21:00:00] 執行簡單清理...
[2026-04-04 21:00:00] ✅ 簡單清理完成
[2026-04-04 21:00:00] 設置保證Cron...
[2026-04-04 21:00:00] ✅ 保證Cron已設置
[2026-04-04 21:00:00] 生成可驗證報告...
[2026-04-04 21:00:00] ✅ 可驗證報告生成完成: /home/pclaw/.openclaw/workspace/system/healing-guarantee/report-20260404-2100.md
[2026-04-04 21:00:00] 🎯 自我修復運行保證完成！
[2026-04-04 21:00:00] 📝 保證日誌: /home/pclaw/.openclaw/workspace/system/healing-guarantee/run-20260404-2100.log
========================================
保證系統摘要:
1. 免tag設定: 已檢查修復
2. 關鍵系統: 已強制運行
3. 保證Cron: 每10分鐘執行
4. 驗證報告: 已生成
========================================
驗證命令:
  crontab -l | grep healing-guarantee
  ls -la /home/pclaw/.openclaw/workspace/system/healing-guarantee/*.log
========================================
[2026-04-04 21:10:01] 🚀 啟動自我修復運行保證系統...
[2026-04-04 21:10:01] 檢查免tag設定...
[2026-04-04 21:10:01] ✅ 免tag設定正常
[2026-04-04 21:10:01] 強制運行關鍵修復系統...
[2026-04-04 21:10:01] 運行自主工作系統...
[2026-04-04 21:10:01] ✅ 自主工作系統已啟動
[2026-04-04 21:10:01] 執行簡單清理...
[2026-04-04 21:10:01] ✅ 簡單清理完成
[2026-04-04 21:10:01] 設置保證Cron...
[2026-04-04 21:10:01] ✅ 保證Cron已設置
[2026-04-04 21:10:01] 生成可驗證報告...
[2026-04-04 21:10:01] ✅ 可驗證報告生成完成: /home/pclaw/.openclaw/workspace/system/healing-guarantee/report-20260404-2110.md
[2026-04-04 21:10:01] 🎯 自我修復運行保證完成！
[2026-04-04 21:10:01] 📝 保證日誌: /home/pclaw/.openclaw/workspace/system/healing-guarantee/run-20260404-2110.log
========================================
保證系統摘要:
1. 免tag設定: 已檢查修復
2. 關鍵系統: 已強制運行
3. 保證Cron: 每10分鐘執行
4. 驗證報告: 已生成
========================================
驗證命令:
  crontab -l | grep healing-guarantee
  ls -la /home/pclaw/.openclaw/workspace/system/healing-guarantee/*.log
========================================
[2026-04-04 21:20:02] 🚀 啟動自我修復運行保證系統...
[2026-04-04 21:20:02] 檢查免tag設定...
[2026-04-04 21:20:02] ❌ 免tag設定缺失，正在修復...
Traceback (most recent call last):
  File "<string>", line 4, in <module>
  File "/usr/lib/python3.12/json/__init__.py", line 293, in load
    return loads(fp.read(),
           ^^^^^^^^^^^^^^^^
  File "/usr/lib/python3.12/json/__init__.py", line 346, in loads
    return _default_decoder.decode(s)
           ^^^^^^^^^^^^^^^^^^^^^^^^^^
  File "/usr/lib/python3.12/json/decoder.py", line 337, in decode
    obj, end = self.raw_decode(s, idx=_w(s, 0).end())
               ^^^^^^^^^^^^^^^^^^^^^^^^^^^^^^^^^^^^^^
  File "/usr/lib/python3.12/json/decoder.py", line 353, in raw_decode
    obj, end = self.scan_once(s, idx)
               ^^^^^^^^^^^^^^^^^^^^^^
json.decoder.JSONDecodeError: Expecting property name enclosed in double quotes: line 206 column 5 (char 4991)
[2026-04-04 21:30:00] 🚀 啟動自我修復運行保證系統...
[2026-04-04 21:30:00] 檢查免tag設定...
[2026-04-04 21:30:00] ❌ 免tag設定缺失，正在修復...
Traceback (most recent call last):
  File "<string>", line 4, in <module>
  File "/usr/lib/python3.12/json/__init__.py", line 293, in load
    return loads(fp.read(),
           ^^^^^^^^^^^^^^^^
  File "/usr/lib/python3.12/json/__init__.py", line 346, in loads
    return _default_decoder.decode(s)
           ^^^^^^^^^^^^^^^^^^^^^^^^^^
  File "/usr/lib/python3.12/json/decoder.py", line 337, in decode
    obj, end = self.raw_decode(s, idx=_w(s, 0).end())
               ^^^^^^^^^^^^^^^^^^^^^^^^^^^^^^^^^^^^^^
  File "/usr/lib/python3.12/json/decoder.py", line 353, in raw_decode
    obj, end = self.scan_once(s, idx)
               ^^^^^^^^^^^^^^^^^^^^^^
json.decoder.JSONDecodeError: Expecting property name enclosed in double quotes: line 206 column 5 (char 4991)
[2026-04-04 21:40:01] 🚀 啟動自我修復運行保證系統...
[2026-04-04 21:40:01] 檢查免tag設定...
[2026-04-04 21:40:01] ❌ 免tag設定缺失，正在修復...
Traceback (most recent call last):
  File "<string>", line 4, in <module>
  File "/usr/lib/python3.12/json/__init__.py", line 293, in load
    return loads(fp.read(),
           ^^^^^^^^^^^^^^^^
  File "/usr/lib/python3.12/json/__init__.py", line 346, in loads
    return _default_decoder.decode(s)
           ^^^^^^^^^^^^^^^^^^^^^^^^^^
  File "/usr/lib/python3.12/json/decoder.py", line 337, in decode
    obj, end = self.raw_decode(s, idx=_w(s, 0).end())
               ^^^^^^^^^^^^^^^^^^^^^^^^^^^^^^^^^^^^^^
  File "/usr/lib/python3.12/json/decoder.py", line 353, in raw_decode
    obj, end = self.scan_once(s, idx)
               ^^^^^^^^^^^^^^^^^^^^^^
json.decoder.JSONDecodeError: Expecting property name enclosed in double quotes: line 206 column 5 (char 4991)
[2026-04-04 21:50:01] 🚀 啟動自我修復運行保證系統...
[2026-04-04 21:50:01] 檢查免tag設定...
[2026-04-04 21:50:01] ❌ 免tag設定缺失，正在修復...
Traceback (most recent call last):
  File "<string>", line 4, in <module>
  File "/usr/lib/python3.12/json/__init__.py", line 293, in load
    return loads(fp.read(),
           ^^^^^^^^^^^^^^^^
  File "/usr/lib/python3.12/json/__init__.py", line 346, in loads
    return _default_decoder.decode(s)
           ^^^^^^^^^^^^^^^^^^^^^^^^^^
  File "/usr/lib/python3.12/json/decoder.py", line 337, in decode
    obj, end = self.raw_decode(s, idx=_w(s, 0).end())
               ^^^^^^^^^^^^^^^^^^^^^^^^^^^^^^^^^^^^^^
  File "/usr/lib/python3.12/json/decoder.py", line 353, in raw_decode
    obj, end = self.scan_once(s, idx)
               ^^^^^^^^^^^^^^^^^^^^^^
json.decoder.JSONDecodeError: Expecting property name enclosed in double quotes: line 206 column 5 (char 4991)
[2026-04-04 22:00:01] 🚀 啟動自我修復運行保證系統...
[2026-04-04 22:00:01] 檢查免tag設定...
[2026-04-04 22:00:01] ❌ 免tag設定缺失，正在修復...
Traceback (most recent call last):
  File "<string>", line 4, in <module>
  File "/usr/lib/python3.12/json/__init__.py", line 293, in load
    return loads(fp.read(),
           ^^^^^^^^^^^^^^^^
  File "/usr/lib/python3.12/json/__init__.py", line 346, in loads
    return _default_decoder.decode(s)
           ^^^^^^^^^^^^^^^^^^^^^^^^^^
  File "/usr/lib/python3.12/json/decoder.py", line 337, in decode
    obj, end = self.raw_decode(s, idx=_w(s, 0).end())
               ^^^^^^^^^^^^^^^^^^^^^^^^^^^^^^^^^^^^^^
  File "/usr/lib/python3.12/json/decoder.py", line 353, in raw_decode
    obj, end = self.scan_once(s, idx)
               ^^^^^^^^^^^^^^^^^^^^^^
json.decoder.JSONDecodeError: Expecting property name enclosed in double quotes: line 206 column 5 (char 4991)
[2026-04-04 22:10:01] 🚀 啟動自我修復運行保證系統...
[2026-04-04 22:10:01] 檢查免tag設定...
[2026-04-04 22:10:01] ❌ 免tag設定缺失，正在修復...
Traceback (most recent call last):
  File "<string>", line 4, in <module>
  File "/usr/lib/python3.12/json/__init__.py", line 293, in load
    return loads(fp.read(),
           ^^^^^^^^^^^^^^^^
  File "/usr/lib/python3.12/json/__init__.py", line 346, in loads
    return _default_decoder.decode(s)
           ^^^^^^^^^^^^^^^^^^^^^^^^^^
  File "/usr/lib/python3.12/json/decoder.py", line 337, in decode
    obj, end = self.raw_decode(s, idx=_w(s, 0).end())
               ^^^^^^^^^^^^^^^^^^^^^^^^^^^^^^^^^^^^^^
  File "/usr/lib/python3.12/json/decoder.py", line 353, in raw_decode
    obj, end = self.scan_once(s, idx)
               ^^^^^^^^^^^^^^^^^^^^^^
json.decoder.JSONDecodeError: Expecting property name enclosed in double quotes: line 206 column 5 (char 4991)
[2026-04-04 22:20:01] 🚀 啟動自我修復運行保證系統...
[2026-04-04 22:20:01] 檢查免tag設定...
[2026-04-04 22:20:01] ❌ 免tag設定缺失，正在修復...
Traceback (most recent call last):
  File "<string>", line 4, in <module>
  File "/usr/lib/python3.12/json/__init__.py", line 293, in load
    return loads(fp.read(),
           ^^^^^^^^^^^^^^^^
  File "/usr/lib/python3.12/json/__init__.py", line 346, in loads
    return _default_decoder.decode(s)
           ^^^^^^^^^^^^^^^^^^^^^^^^^^
  File "/usr/lib/python3.12/json/decoder.py", line 337, in decode
    obj, end = self.raw_decode(s, idx=_w(s, 0).end())
               ^^^^^^^^^^^^^^^^^^^^^^^^^^^^^^^^^^^^^^
  File "/usr/lib/python3.12/json/decoder.py", line 353, in raw_decode
    obj, end = self.scan_once(s, idx)
               ^^^^^^^^^^^^^^^^^^^^^^
json.decoder.JSONDecodeError: Expecting property name enclosed in double quotes: line 206 column 5 (char 4991)
[2026-04-04 22:30:01] 🚀 啟動自我修復運行保證系統...
[2026-04-04 22:30:01] 檢查免tag設定...
[2026-04-04 22:30:01] ❌ 免tag設定缺失，正在修復...
Traceback (most recent call last):
  File "<string>", line 4, in <module>
  File "/usr/lib/python3.12/json/__init__.py", line 293, in load
    return loads(fp.read(),
           ^^^^^^^^^^^^^^^^
  File "/usr/lib/python3.12/json/__init__.py", line 346, in loads
    return _default_decoder.decode(s)
           ^^^^^^^^^^^^^^^^^^^^^^^^^^
  File "/usr/lib/python3.12/json/decoder.py", line 337, in decode
    obj, end = self.raw_decode(s, idx=_w(s, 0).end())
               ^^^^^^^^^^^^^^^^^^^^^^^^^^^^^^^^^^^^^^
  File "/usr/lib/python3.12/json/decoder.py", line 353, in raw_decode
    obj, end = self.scan_once(s, idx)
               ^^^^^^^^^^^^^^^^^^^^^^
json.decoder.JSONDecodeError: Expecting property name enclosed in double quotes: line 206 column 5 (char 4991)
[2026-04-04 22:40:01] 🚀 啟動自我修復運行保證系統...
[2026-04-04 22:40:01] 檢查免tag設定...
[2026-04-04 22:40:01] ❌ 免tag設定缺失，正在修復...
修復完成
[2026-04-04 22:40:01] ✅ 免tag設定已修復
[2026-04-04 22:40:01] 強制運行關鍵修復系統...
[2026-04-04 22:40:01] 運行自主工作系統...
[2026-04-04 22:40:01] ✅ 自主工作系統已啟動
[2026-04-04 22:40:01] 執行簡單清理...
[2026-04-04 22:40:01] ✅ 簡單清理完成
[2026-04-04 22:40:01] 設置保證Cron...
[2026-04-04 22:40:01] ✅ 保證Cron已設置
[2026-04-04 22:40:01] 生成可驗證報告...
[2026-04-04 22:40:01] ✅ 可驗證報告生成完成: /home/pclaw/.openclaw/workspace/system/healing-guarantee/report-20260404-2240.md
[2026-04-04 22:40:01] 🎯 自我修復運行保證完成！
[2026-04-04 22:40:01] 📝 保證日誌: /home/pclaw/.openclaw/workspace/system/healing-guarantee/run-20260404-2240.log
========================================
保證系統摘要:
1. 免tag設定: 已檢查修復
2. 關鍵系統: 已強制運行
3. 保證Cron: 每10分鐘執行
4. 驗證報告: 已生成
========================================
驗證命令:
  crontab -l | grep healing-guarantee
  ls -la /home/pclaw/.openclaw/workspace/system/healing-guarantee/*.log
========================================
[2026-04-04 22:50:01] 🚀 啟動自我修復運行保證系統...
[2026-04-04 22:50:01] 檢查免tag設定...
[2026-04-04 22:50:01] ✅ 免tag設定正常
[2026-04-04 22:50:01] 強制運行關鍵修復系統...
[2026-04-04 22:50:01] 運行自主工作系統...
[2026-04-04 22:50:01] ✅ 自主工作系統已啟動
[2026-04-04 22:50:01] 執行簡單清理...
[2026-04-04 22:50:01] ✅ 簡單清理完成
[2026-04-04 22:50:01] 設置保證Cron...
[2026-04-04 22:50:01] ✅ 保證Cron已設置
[2026-04-04 22:50:01] 生成可驗證報告...
[2026-04-04 22:50:01] ✅ 可驗證報告生成完成: /home/pclaw/.openclaw/workspace/system/healing-guarantee/report-20260404-2250.md
[2026-04-04 22:50:01] 🎯 自我修復運行保證完成！
[2026-04-04 22:50:01] 📝 保證日誌: /home/pclaw/.openclaw/workspace/system/healing-guarantee/run-20260404-2250.log
========================================
保證系統摘要:
1. 免tag設定: 已檢查修復
2. 關鍵系統: 已強制運行
3. 保證Cron: 每10分鐘執行
4. 驗證報告: 已生成
========================================
驗證命令:
  crontab -l | grep healing-guarantee
  ls -la /home/pclaw/.openclaw/workspace/system/healing-guarantee/*.log
========================================
[2026-04-04 23:00:01] 🚀 啟動自我修復運行保證系統...
[2026-04-04 23:00:01] 檢查免tag設定...
[2026-04-04 23:00:01] ✅ 免tag設定正常
[2026-04-04 23:00:01] 強制運行關鍵修復系統...
[2026-04-04 23:00:01] 運行自主工作系統...
[2026-04-04 23:00:01] ✅ 自主工作系統已啟動
[2026-04-04 23:00:01] 執行簡單清理...
[2026-04-04 23:00:01] ✅ 簡單清理完成
[2026-04-04 23:00:01] 設置保證Cron...
[2026-04-04 23:00:01] ✅ 保證Cron已設置
[2026-04-04 23:00:01] 生成可驗證報告...
[2026-04-04 23:00:01] ✅ 可驗證報告生成完成: /home/pclaw/.openclaw/workspace/system/healing-guarantee/report-20260404-2300.md
[2026-04-04 23:00:01] 🎯 自我修復運行保證完成！
[2026-04-04 23:00:01] 📝 保證日誌: /home/pclaw/.openclaw/workspace/system/healing-guarantee/run-20260404-2300.log
========================================
保證系統摘要:
1. 免tag設定: 已檢查修復
2. 關鍵系統: 已強制運行
3. 保證Cron: 每10分鐘執行
4. 驗證報告: 已生成
========================================
驗證命令:
  crontab -l | grep healing-guarantee
  ls -la /home/pclaw/.openclaw/workspace/system/healing-guarantee/*.log
========================================
[2026-04-04 23:10:00] 🚀 啟動自我修復運行保證系統...
[2026-04-04 23:10:00] 檢查免tag設定...
[2026-04-04 23:10:00] ✅ 免tag設定正常
[2026-04-04 23:10:00] 強制運行關鍵修復系統...
[2026-04-04 23:10:00] 運行自主工作系統...
[2026-04-04 23:10:00] ✅ 自主工作系統已啟動
[2026-04-04 23:10:00] 執行簡單清理...
[2026-04-04 23:10:00] ✅ 簡單清理完成
[2026-04-04 23:10:00] 設置保證Cron...
[2026-04-04 23:10:00] ✅ 保證Cron已設置
[2026-04-04 23:10:00] 生成可驗證報告...
[2026-04-04 23:10:00] ✅ 可驗證報告生成完成: /home/pclaw/.openclaw/workspace/system/healing-guarantee/report-20260404-2310.md
[2026-04-04 23:10:00] 🎯 自我修復運行保證完成！
[2026-04-04 23:10:00] 📝 保證日誌: /home/pclaw/.openclaw/workspace/system/healing-guarantee/run-20260404-2310.log
========================================
保證系統摘要:
1. 免tag設定: 已檢查修復
2. 關鍵系統: 已強制運行
3. 保證Cron: 每10分鐘執行
4. 驗證報告: 已生成
========================================
驗證命令:
  crontab -l | grep healing-guarantee
  ls -la /home/pclaw/.openclaw/workspace/system/healing-guarantee/*.log
========================================
[2026-04-04 23:20:01] 🚀 啟動自我修復運行保證系統...
[2026-04-04 23:20:01] 檢查免tag設定...
[2026-04-04 23:20:01] ❌ 免tag設定缺失，正在修復...
Traceback (most recent call last):
  File "<string>", line 4, in <module>
  File "/usr/lib/python3.12/json/__init__.py", line 293, in load
    return loads(fp.read(),
           ^^^^^^^^^^^^^^^^
  File "/usr/lib/python3.12/json/__init__.py", line 346, in loads
    return _default_decoder.decode(s)
           ^^^^^^^^^^^^^^^^^^^^^^^^^^
  File "/usr/lib/python3.12/json/decoder.py", line 337, in decode
    obj, end = self.raw_decode(s, idx=_w(s, 0).end())
               ^^^^^^^^^^^^^^^^^^^^^^^^^^^^^^^^^^^^^^
  File "/usr/lib/python3.12/json/decoder.py", line 353, in raw_decode
    obj, end = self.scan_once(s, idx)
               ^^^^^^^^^^^^^^^^^^^^^^
json.decoder.JSONDecodeError: Expecting property name enclosed in double quotes: line 211 column 5 (char 5074)
[2026-04-04 23:30:01] 🚀 啟動自我修復運行保證系統...
[2026-04-04 23:30:01] 檢查免tag設定...
[2026-04-04 23:30:01] ❌ 免tag設定缺失，正在修復...
Traceback (most recent call last):
  File "<string>", line 4, in <module>
  File "/usr/lib/python3.12/json/__init__.py", line 293, in load
    return loads(fp.read(),
           ^^^^^^^^^^^^^^^^
  File "/usr/lib/python3.12/json/__init__.py", line 346, in loads
    return _default_decoder.decode(s)
           ^^^^^^^^^^^^^^^^^^^^^^^^^^
  File "/usr/lib/python3.12/json/decoder.py", line 337, in decode
    obj, end = self.raw_decode(s, idx=_w(s, 0).end())
               ^^^^^^^^^^^^^^^^^^^^^^^^^^^^^^^^^^^^^^
  File "/usr/lib/python3.12/json/decoder.py", line 353, in raw_decode
    obj, end = self.scan_once(s, idx)
               ^^^^^^^^^^^^^^^^^^^^^^
json.decoder.JSONDecodeError: Expecting property name enclosed in double quotes: line 211 column 5 (char 5074)
[2026-04-04 23:40:01] 🚀 啟動自我修復運行保證系統...
[2026-04-04 23:40:01] 檢查免tag設定...
[2026-04-04 23:40:01] ❌ 免tag設定缺失，正在修復...
Traceback (most recent call last):
  File "<string>", line 4, in <module>
  File "/usr/lib/python3.12/json/__init__.py", line 293, in load
    return loads(fp.read(),
           ^^^^^^^^^^^^^^^^
  File "/usr/lib/python3.12/json/__init__.py", line 346, in loads
    return _default_decoder.decode(s)
           ^^^^^^^^^^^^^^^^^^^^^^^^^^
  File "/usr/lib/python3.12/json/decoder.py", line 337, in decode
    obj, end = self.raw_decode(s, idx=_w(s, 0).end())
               ^^^^^^^^^^^^^^^^^^^^^^^^^^^^^^^^^^^^^^
  File "/usr/lib/python3.12/json/decoder.py", line 353, in raw_decode
    obj, end = self.scan_once(s, idx)
               ^^^^^^^^^^^^^^^^^^^^^^
json.decoder.JSONDecodeError: Expecting property name enclosed in double quotes: line 211 column 5 (char 5074)
