[2026-04-04 19:00:00] 🚀 啟動自我修復運行保證系統...
[2026-04-04 19:00:00] 檢查免tag設定...
[2026-04-04 19:00:00] ✅ 免tag設定正常
[2026-04-04 19:00:00] 強制運行關鍵修復系統...
[2026-04-04 19:00:00] 運行自主工作系統...
[2026-04-04 19:00:00] ✅ 自主工作系統已啟動
[2026-04-04 19:00:00] 執行簡單清理...
[2026-04-04 19:00:00] ✅ 簡單清理完成
[2026-04-04 19:00:00] 設置保證Cron...
[2026-04-04 19:00:00] ✅ 保證Cron已設置
[2026-04-04 19:00:00] 生成可驗證報告...
[2026-04-04 19:00:00] ✅ 可驗證報告生成完成: /home/pclaw/.openclaw/workspace/system/healing-guarantee/report-20260404-1900.md
[2026-04-04 19:00:00] 🎯 自我修復運行保證完成！
[2026-04-04 19:00:00] 📝 保證日誌: /home/pclaw/.openclaw/workspace/system/healing-guarantee/run-20260404-1900.log
[2026-04-04 19:00:01] 🚀 啟動自我修復運行保證系統...
[2026-04-04 19:00:01] 檢查免tag設定...
[2026-04-04 19:00:01] ✅ 免tag設定正常
[2026-04-04 19:00:01] 強制運行關鍵修復系統...
[2026-04-04 19:00:01] 運行自主工作系統...
[2026-04-04 19:00:01] ✅ 自主工作系統已啟動
[2026-04-04 19:00:01] 執行簡單清理...
[2026-04-04 19:00:01] ✅ 簡單清理完成
[2026-04-04 19:00:01] 設置保證Cron...
[2026-04-04 19:00:01] ✅ 保證Cron已設置
[2026-04-04 19:00:01] 生成可驗證報告...
[2026-04-04 19:00:01] ✅ 可驗證報告生成完成: /home/pclaw/.openclaw/workspace/system/healing-guarantee/report-20260404-1900.md
[2026-04-04 19:00:01] 🎯 自我修復運行保證完成！
[2026-04-04 19:00:01] 📝 保證日誌: /home/pclaw/.openclaw/workspace/system/healing-guarantee/run-20260404-1900.log
