[2026-04-04 16:15:31] 🚀 啟動自主工作系統...
[2026-04-04 16:15:31] 檢查卡住任務...
[2026-04-04 16:15:37] 發現 18 個卡住任務，執行清理...
[2026-04-04 16:15:44] ✅ 任務清理完成
[2026-04-04 16:15:44] 執行定期工作...
[2026-04-04 16:15:44] ✅ 定期工作執行完成
[2026-04-04 16:15:44] 檢查系統問題...
[2026-04-04 16:15:44] ✅ 系統問題檢查完成
[2026-04-04 16:15:44] 生成工作報告...
[2026-04-04 16:16:01] ✅ 工作報告生成完成: /home/pclaw/.openclaw/workspace/system/autonomous/report-20260404-1615.md
[2026-04-04 16:16:01] 🎯 自主工作系統執行完成！
[2026-04-04 16:16:01] 📝 工作日誌: /home/pclaw/.openclaw/workspace/system/autonomous/work-20260404.log
[2026-04-04 16:25:05] 🚀 啟動自主工作系統...
[2026-04-04 16:25:05] 檢查卡住任務...
[2026-04-04 16:30:00] 🚀 啟動自主工作系統...
[2026-04-04 16:30:00] 檢查卡住任務...
[2026-04-04 16:32:15] 🚀 啟動自主工作系統...
[2026-04-04 16:32:15] 檢查卡住任務...
[2026-04-04 16:40:01] 🚀 啟動自主工作系統...
[2026-04-04 16:40:01] 檢查卡住任務...
[2026-04-04 16:50:01] 🚀 啟動自主工作系統...
[2026-04-04 16:50:01] 檢查卡住任務...
[2026-04-04 17:00:00] 🚀 啟動自主工作系統...
[2026-04-04 17:00:00] 檢查卡住任務...
[2026-04-04 17:10:01] 🚀 啟動自主工作系統...
[2026-04-04 17:10:01] 檢查卡住任務...
[2026-04-04 17:20:01] 🚀 啟動自主工作系統...
[2026-04-04 17:20:01] 檢查卡住任務...
[2026-04-04 17:30:00] 🚀 啟動自主工作系統...
[2026-04-04 17:30:00] 檢查卡住任務...
[2026-04-04 17:40:01] 🚀 啟動自主工作系統...
[2026-04-04 17:40:01] 檢查卡住任務...
[2026-04-04 17:50:01] 🚀 啟動自主工作系統...
[2026-04-04 17:50:01] 檢查卡住任務...
[2026-04-04 18:00:01] 🚀 啟動自主工作系統...
[2026-04-04 18:00:01] 檢查卡住任務...
[2026-04-04 18:10:00] 🚀 啟動自主工作系統...
[2026-04-04 18:10:00] 檢查卡住任務...
[2026-04-04 18:20:01] 🚀 啟動自主工作系統...
[2026-04-04 18:20:01] 檢查卡住任務...
[2026-04-04 18:30:00] 🚀 啟動自主工作系統...
[2026-04-04 18:30:00] 檢查卡住任務...
[2026-04-04 18:40:02] 🚀 啟動自主工作系統...
[2026-04-04 18:40:02] 檢查卡住任務...
[2026-04-04 18:50:01] 🚀 啟動自主工作系統...
[2026-04-04 18:50:01] 檢查卡住任務...
[2026-04-04 19:00:00] 🚀 啟動自主工作系統...
[2026-04-04 19:00:00] 檢查卡住任務...
[2026-04-04 19:00:01] 🚀 啟動自主工作系統...
[2026-04-04 19:00:01] 檢查卡住任務...
[2026-04-04 19:10:01] 🚀 啟動自主工作系統...
[2026-04-04 19:10:01] 檢查卡住任務...
[2026-04-04 19:20:01] 🚀 啟動自主工作系統...
[2026-04-04 19:20:01] 檢查卡住任務...
[2026-04-04 19:30:00] 🚀 啟動自主工作系統...
[2026-04-04 19:30:00] 檢查卡住任務...
[2026-04-04 19:40:01] 🚀 啟動自主工作系統...
[2026-04-04 19:40:01] 檢查卡住任務...
[2026-04-04 19:50:01] 🚀 啟動自主工作系統...
[2026-04-04 19:50:01] 檢查卡住任務...
[2026-04-04 20:00:01] 🚀 啟動自主工作系統...
[2026-04-04 20:00:01] 檢查卡住任務...
[2026-04-04 20:10:00] 🚀 啟動自主工作系統...
[2026-04-04 20:10:00] 檢查卡住任務...
[2026-04-04 20:20:00] 🚀 啟動自主工作系統...
[2026-04-04 20:20:00] 檢查卡住任務...
[2026-04-04 20:30:01] 🚀 啟動自主工作系統...
[2026-04-04 20:30:01] 檢查卡住任務...
[2026-04-04 20:40:00] 🚀 啟動自主工作系統...
[2026-04-04 20:40:00] 檢查卡住任務...
[2026-04-04 20:50:01] 🚀 啟動自主工作系統...
[2026-04-04 20:50:01] 檢查卡住任務...
[2026-04-04 21:00:00] 🚀 啟動自主工作系統...
[2026-04-04 21:00:00] 檢查卡住任務...
[2026-04-04 21:10:01] 🚀 啟動自主工作系統...
[2026-04-04 21:10:01] 檢查卡住任務...
[2026-04-04 22:40:01] 🚀 啟動自主工作系統...
[2026-04-04 22:40:01] 檢查卡住任務...
[2026-04-04 22:50:01] 🚀 啟動自主工作系統...
[2026-04-04 22:50:01] 檢查卡住任務...
[2026-04-04 23:00:01] 🚀 啟動自主工作系統...
[2026-04-04 23:00:01] 檢查卡住任務...
[2026-04-04 23:10:00] 🚀 啟動自主工作系統...
[2026-04-04 23:10:00] 檢查卡住任務...
